{
  "RSpec": {
    "coverage": {
      "/Users/nhamidjaja/dev/rails/hickory/app/controllers/api/v1/application_controller.rb": [
        1,
        1,
        1,
        1,
        null,
        1,
        1,
        null,
        1,
        null,
        null,
        1,
        8,
        8,
        8,
        null,
        null,
        null,
        null,
        null,
        8,
        4,
        4,
        null,
        null,
        4,
        null,
        null,
        1,
        null,
        1,
        6,
        null,
        null,
        1,
        0,
        null,
        null,
        null,
        null
      ],
      "/Users/nhamidjaja/dev/rails/hickory/app/src/errors/not_found.rb": [
        1,
        1,
        null
      ],
      "/Users/nhamidjaja/dev/rails/hickory/app/src/errors/not_authorized.rb": [
        1,
        1,
        null
      ],
      "/Users/nhamidjaja/dev/rails/hickory/app/controllers/api/v1/profile_controller.rb": [
        1,
        1,
        1,
        1,
        null,
        1,
        null,
        null,
        null,
        null
      ],
      "/Users/nhamidjaja/dev/rails/hickory/app/controllers/api/v1/sessions_controller.rb": [
        1,
        1,
        1,
        1,
        1,
        null,
        1,
        2,
        2,
        null,
        1,
        null,
        null,
        null,
        null
      ],
      "/Users/nhamidjaja/dev/rails/hickory/app/controllers/api/v1/users_controller.rb": [
        1,
        1,
        1,
        null,
        null,
        null
      ],
      "/Users/nhamidjaja/dev/rails/hickory/app/controllers/fave_controller.rb": [
        1,
        1,
        null,
        1,
        1,
        null,
        null,
        1,
        null,
        1,
        null,
        null,
        1,
        null,
        1,
        1,
        null,
        null,
        null,
        null,
        null,
        null
      ],
      "/Users/nhamidjaja/dev/rails/hickory/app/controllers/application_controller.rb": [
        1,
        null,
        null,
        1,
        null,
        1,
        null,
        1,
        null,
        1,
        2,
        null,
        null
      ],
      "/Users/nhamidjaja/dev/rails/hickory/app/controllers/home_controller.rb": [
        1,
        1,
        null,
        null
      ],
      "/Users/nhamidjaja/dev/rails/hickory/app/controllers/omniauth_callbacks_controller.rb": [
        1,
        1,
        3,
        3,
        null,
        3,
        1,
        null,
        2,
        2,
        null,
        null,
        null
      ],
      "/Users/nhamidjaja/dev/rails/hickory/app/controllers/registrations_controller.rb": [
        1,
        1,
        null,
        1,
        2,
        null,
        2,
        1,
        1,
        null,
        null
      ],
      "/Users/nhamidjaja/dev/rails/hickory/app/models/master_feed.rb": [
        1,
        1,
        null,
        1,
        1,
        1,
        1,
        1,
        null,
        1,
        null
      ],
      "/Users/nhamidjaja/dev/rails/hickory/app/models/user_fave.rb": [
        1,
        1,
        null,
        1,
        1,
        1,
        1,
        1,
        1,
        null,
        1,
        null
      ],
      "/Users/nhamidjaja/dev/rails/hickory/app/src/fave/auth.rb": [
        1,
        null,
        1,
        null,
        1,
        null,
        1,
        16,
        16,
        16,
        16,
        null,
        null,
        1,
        4,
        null,
        null,
        null,
        null,
        null,
        1,
        4,
        null,
        null,
        null
      ],
      "/Users/nhamidjaja/dev/rails/hickory/app/src/fave/url.rb": [
        1,
        1,
        1,
        null,
        1,
        3,
        null,
        null,
        1,
        4,
        null,
        null,
        null
      ]
    },
    "timestamp": 1436607885
  }
}
